<?xml version="1.0" encoding="UTF-8"?>
<!-- Generated by org.testng.reporters.JUnitReportReporter -->
<testsuite hostname="ASIM" failures="0" tests="1" name="qsp1.Test2" time="0.001" errors="0" timestamp="2023-05-12T15:06:42 IST" skipped="0">
  <testcase classname="qsp1.Test2" name="data3" time="0.001"/>
  <system-out>
    <![CDATA[3]]>
  </system-out>
</testsuite> <!-- qsp1.Test2 -->
