<?xml version="1.0" encoding="UTF-8"?>
<!-- Generated by org.testng.reporters.JUnitReportReporter -->
<testsuite hostname="ASIM" failures="0" tests="1" name="ddt.Fetch_Excel_data" time="0.646" errors="0" timestamp="2023-05-28T14:57:34 IST" skipped="0">
  <testcase classname="ddt.Fetch_Excel_data" name="tetst1" time="0.646"/>
  <system-out/>
</testsuite> <!-- ddt.Fetch_Excel_data -->
