<?xml version="1.0" encoding="UTF-8"?>
<!-- Generated by org.testng.reporters.JUnitReportReporter -->
<testsuite hostname="ASIM" failures="0" tests="1" name="project_automation.Runner_Login" time="21.238" errors="0" timestamp="2023-05-19T14:48:26 IST" skipped="0">
  <testcase classname="project_automation.Runner_Login" name="validLogin" time="21.238"/>
  <system-out/>
</testsuite> <!-- project_automation.Runner_Login -->
