<?xml version="1.0" encoding="UTF-8"?>
<!-- Generated by org.testng.reporters.JUnitReportReporter -->
<testsuite hostname="ASIM" failures="0" tests="1" name="testing.Property_Files" time="0.008" errors="0" timestamp="2023-05-28T14:21:45 IST" skipped="0">
  <testcase classname="testing.Property_Files" name="test1" time="0.008"/>
  <system-out/>
</testsuite> <!-- testing.Property_Files -->
