<?xml version="1.0" encoding="UTF-8"?>
<!-- Generated by org.testng.reporters.JUnitReportReporter -->
<testsuite hostname="ASIM" failures="0" tests="1" name="project_automation.Groups_Trial" time="0.009" errors="0" timestamp="2023-05-19T15:25:57 IST" skipped="0">
  <testcase classname="project_automation.Groups_Trial" name="karthik" time="0.009"/>
  <system-out/>
</testsuite> <!-- project_automation.Groups_Trial -->
