<?xml version="1.0" encoding="UTF-8"?>
<!-- Generated by org.testng.reporters.JUnitReportReporter -->
<testsuite hostname="ASIM" failures="0" tests="2" name="ParallelExecution.Para_exe" time="10.211" errors="0" timestamp="2023-06-03T11:38:11 IST" skipped="0">
  <testcase classname="ParallelExecution.Para_exe" name="test1" time="5.509"/>
  <system-out/>
  <testcase classname="ParallelExecution.Para_exe" name="test1" time="4.702"/>
  <system-out/>
</testsuite> <!-- ParallelExecution.Para_exe -->
