<?xml version="1.0" encoding="UTF-8"?>
<!-- Generated by org.testng.reporters.JUnitReportReporter -->
<testsuite hostname="ASIM" failures="0" tests="2" name="testing.Parallel_Execution1" time="9.715" errors="0" timestamp="2023-05-20T23:55:26 IST" skipped="0">
  <testcase classname="testing.Parallel_Execution1" name="test1" time="3.943"/>
  <system-out/>
  <testcase classname="testing.Parallel_Execution1" name="test1" time="5.772"/>
  <system-out/>
</testsuite> <!-- testing.Parallel_Execution1 -->
