<?xml version="1.0" encoding="UTF-8"?>
<!-- Generated by org.testng.reporters.JUnitReportReporter -->
<testsuite hostname="ASIM" failures="0" tests="2" name="Hybrid.FB_Login" time="24.979" errors="0" timestamp="2023-05-20T21:55:42 IST" skipped="0">
  <testcase classname="Hybrid.FB_Login" name="validLogin2" time="12.844"/>
  <system-out/>
  <testcase classname="Hybrid.FB_Login" name="validLogin" time="12.135"/>
  <system-out/>
</testsuite> <!-- Hybrid.FB_Login -->
