<?xml version="1.0" encoding="UTF-8"?>
<!-- Generated by org.testng.reporters.JUnitReportReporter -->
<testsuite hostname="ASIM" failures="0" tests="1" name="qsp1.Login_Script" time="14.914" errors="0" timestamp="2023-05-17T16:21:41 IST" skipped="0">
  <testcase classname="qsp1.Login_Script" name="validLogin" time="14.914"/>
  <system-out/>
</testsuite> <!-- qsp1.Login_Script -->
