<?xml version="1.0" encoding="UTF-8"?>
<!-- Generated by org.testng.reporters.JUnitReportReporter -->
<testsuite hostname="ASIM" failures="0" tests="2" name="qsp1.Project_Login" time="12.530" errors="0" timestamp="2023-05-15T15:42:10 IST" skipped="0">
  <testcase classname="qsp1.Project_Login" name="validLogin" time="4.957"/>
  <system-out/>
  <testcase classname="qsp1.Project_Login" name="validLogin" time="7.573"/>
  <system-out/>
</testsuite> <!-- qsp1.Project_Login -->
