<?xml version="1.0" encoding="UTF-8"?>
<!-- Generated by org.testng.reporters.JUnitReportReporter -->
<testsuite hostname="ASIM" failures="0" tests="1" name="testing.Assert1" time="5.143" errors="0" timestamp="2023-05-17T01:13:06 IST" skipped="0">
  <testcase classname="testing.Assert1" name="login" time="5.143"/>
  <system-out/>
</testsuite> <!-- testing.Assert1 -->
